<?xml version="1.0" encoding="UTF-8"?>
<!-- Generated by org.testng.reporters.JUnitXMLReporter -->
<testsuite ignored="4" hostname="NDI-LAP-272" failures="0" tests="3" name="Test" time="2.116" errors="0" timestamp="14 Jun 2022 13:39:37 GMT">
  <testcase classname="com.saucedemo.testCases.TC_LoginTest_01" name="loginTest" time="0.728"/>
  <testcase classname="com.saucedemo.testCases.TC_CartPageTest_02" name="cartPageTest" time="0.922"/>
  <testcase classname="com.saucedemo.testCases.TC_PaymentPage_03" name="paymentPageTest" time="0.307"/>
  <testcase classname="com.saucedemo.testCases.BaseClass" name="@BeforeSuite setUp" time="0.0">
    <ignored/>
  </testcase> <!-- @BeforeSuite setUp -->
  <testcase classname="com.saucedemo.testCases.BaseClass" name="@BeforeSuite setUp" time="0.0">
    <ignored/>
  </testcase> <!-- @BeforeSuite setUp -->
  <testcase classname="com.saucedemo.testCases.BaseClass" name="@AfterSuite tearDown" time="0.0">
    <ignored/>
  </testcase> <!-- @AfterSuite tearDown -->
  <testcase classname="com.saucedemo.testCases.BaseClass" name="@AfterSuite tearDown" time="0.0">
    <ignored/>
  </testcase> <!-- @AfterSuite tearDown -->
</testsuite> <!-- Test -->
