<?xml version="1.0" encoding="UTF-8"?>
<testng-results ignored="4" total="7" passed="3" failed="0" skipped="0">
  <reporter-output>
  </reporter-output>
  <suite started-at="2022-06-14T13:39:35Z" name="Suite" finished-at="2022-06-14T13:39:37Z" duration-ms="2116">
    <groups>
    </groups>
    <test started-at="2022-06-14T13:39:35Z" name="Test" finished-at="2022-06-14T13:39:37Z" duration-ms="2116">
      <class name="com.saucedemo.testCases.TC_CartPageTest_02">
        <test-method signature="cartPageTest()[pri:0, instance:com.saucedemo.testCases.TC_CartPageTest_02@59cba5a]" started-at="2022-06-14T13:39:36Z" name="cartPageTest" finished-at="2022-06-14T13:39:37Z" duration-ms="922" status="PASS">
          <reporter-output>
          </reporter-output>
        </test-method> <!-- cartPageTest -->
      </class> <!-- com.saucedemo.testCases.TC_CartPageTest_02 -->
      <class name="com.saucedemo.testCases.TC_PaymentPage_03">
        <test-method signature="paymentPageTest()[pri:0, instance:com.saucedemo.testCases.TC_PaymentPage_03@1bd39d3c]" started-at="2022-06-14T13:39:37Z" name="paymentPageTest" finished-at="2022-06-14T13:39:37Z" duration-ms="307" status="PASS">
          <reporter-output>
          </reporter-output>
        </test-method> <!-- paymentPageTest -->
      </class> <!-- com.saucedemo.testCases.TC_PaymentPage_03 -->
      <class name="com.saucedemo.testCases.TC_LoginTest_01">
        <test-method is-config="true" signature="setUp()[pri:0, instance:com.saucedemo.testCases.TC_LoginTest_01@4397ad89]" started-at="2022-06-14T13:39:33Z" name="setUp" finished-at="2022-06-14T13:39:35Z" duration-ms="2152" status="PASS">
          <reporter-output>
          </reporter-output>
        </test-method> <!-- setUp -->
        <test-method signature="loginTest()[pri:0, instance:com.saucedemo.testCases.TC_LoginTest_01@4397ad89]" started-at="2022-06-14T13:39:35Z" name="loginTest" finished-at="2022-06-14T13:39:36Z" duration-ms="728" status="PASS">
          <reporter-output>
          </reporter-output>
        </test-method> <!-- loginTest -->
        <test-method is-config="true" signature="tearDown()[pri:0, instance:com.saucedemo.testCases.TC_LoginTest_01@4397ad89]" started-at="2022-06-14T13:39:38Z" name="tearDown" finished-at="2022-06-14T13:39:38Z" duration-ms="207" status="PASS">
          <reporter-output>
          </reporter-output>
        </test-method> <!-- tearDown -->
      </class> <!-- com.saucedemo.testCases.TC_LoginTest_01 -->
    </test> <!-- Test -->
  </suite> <!-- Suite -->
</testng-results>
